<?xml version="1.0" encoding="UTF-8"?>
<testng-results skipped="0" failed="0" ignored="0" total="1" passed="1">
  <reporter-output>
  </reporter-output>
  <suite name="Default suite" duration-ms="7054" started-at="2019-03-07T09:50:48Z" finished-at="2019-03-07T09:50:55Z">
    <groups>
    </groups>
    <test name="Default test" duration-ms="7054" started-at="2019-03-07T09:50:48Z" finished-at="2019-03-07T09:50:55Z">
      <class name="mavenProject.Google">
        <test-method status="PASS" signature="LaunchAppTest()[pri:0, instance:mavenProject.Google@2a5ca609]" name="LaunchAppTest" is-config="true" duration-ms="6222" started-at="2019-03-07T15:20:48Z" finished-at="2019-03-07T15:20:54Z">
          <reporter-output>
          </reporter-output>
        </test-method> <!-- LaunchAppTest -->
        <test-method status="PASS" signature="LaunchTest()[pri:0, instance:mavenProject.Google@2a5ca609]" name="LaunchTest" duration-ms="25" started-at="2019-03-07T15:20:54Z" finished-at="2019-03-07T15:20:54Z">
          <reporter-output>
          </reporter-output>
        </test-method> <!-- LaunchTest -->
        <test-method status="PASS" signature="BrowserCloseTest()[pri:0, instance:mavenProject.Google@2a5ca609]" name="BrowserCloseTest" is-config="true" duration-ms="776" started-at="2019-03-07T15:20:54Z" finished-at="2019-03-07T15:20:55Z">
          <reporter-output>
          </reporter-output>
        </test-method> <!-- BrowserCloseTest -->
      </class> <!-- mavenProject.Google -->
    </test> <!-- Default test -->
  </suite> <!-- Default suite -->
</testng-results>
